{
  "RSpec": {
    "coverage": {
      "/home/ihorshkidchenko/RubyGarage/rg_codebreaker/autoload.rb": [
        null,
        null,
        1,
        1,
        1,
        1,
        1,
        1,
        1,
        1,
        1,
        1,
        1
      ],
      "/home/ihorshkidchenko/RubyGarage/rg_codebreaker/helpers/colors.rb": [
        null,
        null,
        1,
        1,
        8,
        null,
        null,
        1,
        9,
        null,
        null,
        1,
        215,
        null,
        null,
        1,
        162,
        null,
        null
      ],
      "/home/ihorshkidchenko/RubyGarage/rg_codebreaker/controllers/database/uploader.rb": [
        null,
        null,
        1,
        1,
        1,
        1,
        1,
        null,
        1,
        3,
        null,
        null,
        1,
        2,
        null,
        null
      ],
      "/home/ihorshkidchenko/RubyGarage/rg_codebreaker/controllers/texts/validators_texts.rb": [
        null,
        null,
        1,
        2,
        2,
        2,
        2,
        3,
        4,
        null
      ],
      "/home/ihorshkidchenko/RubyGarage/rg_codebreaker/controllers/validator/validator.rb": [
        null,
        null,
        1,
        1,
        null,
        1,
        1,
        1,
        null,
        0,
        null,
        null,
        1,
        2,
        2,
        2,
        1,
        null,
        0,
        null,
        null,
        1,
        2,
        2,
        2,
        null,
        5,
        1,
        null,
        1,
        null,
        null,
        1,
        2,
        2,
        2,
        1,
        null,
        0,
        null,
        null,
        1,
        1,
        1,
        null,
        null,
        1,
        1,
        1,
        1,
        null,
        null,
        1,
        1,
        1,
        null,
        null,
        1,
        1,
        1,
        null,
        null
      ],
      "/home/ihorshkidchenko/RubyGarage/rg_codebreaker/controllers/game/difficult.rb": [
        null,
        null,
        1,
        1,
        3,
        1,
        1,
        1,
        null,
        null,
        null
      ],
      "/home/ihorshkidchenko/RubyGarage/rg_codebreaker/controllers/texts/console_output_texts.rb": [
        null,
        null,
        1,
        1,
        1,
        1,
        1,
        null,
        2,
        42,
        5,
        6,
        2,
        2,
        2,
        2,
        2,
        1,
        1,
        143,
        null,
        1,
        2,
        2,
        2,
        2,
        2,
        null,
        null,
        1,
        3,
        3,
        3,
        null,
        null,
        1,
        1,
        1,
        1,
        141,
        141,
        141,
        null,
        null,
        null,
        1,
        1,
        1,
        1,
        14,
        null,
        1,
        null,
        null
      ],
      "/home/ihorshkidchenko/RubyGarage/rg_codebreaker/controllers/game/game.rb": [
        null,
        null,
        1,
        1,
        12,
        12,
        null,
        null,
        1,
        12,
        12,
        48,
        16,
        16,
        32,
        16,
        16,
        null,
        null,
        null,
        null,
        1,
        2,
        null,
        null
      ],
      "/home/ihorshkidchenko/RubyGarage/rg_codebreaker/controllers/game/console.rb": [
        null,
        null,
        1,
        1,
        1,
        1,
        1,
        1,
        1,
        1,
        1,
        null,
        1,
        41,
        null,
        null,
        1,
        1,
        1,
        0,
        0,
        0,
        1,
        null,
        null,
        null,
        1,
        4,
        4,
        4,
        4,
        4,
        null,
        null,
        1,
        5,
        5,
        null,
        null,
        1,
        5,
        5,
        5,
        5,
        5,
        null,
        null,
        1,
        2,
        2,
        null,
        1,
        1,
        1,
        1,
        1,
        1,
        1,
        null,
        1,
        null,
        null,
        1,
        2,
        1,
        1,
        null,
        1,
        1,
        1,
        1,
        1,
        null,
        null,
        1,
        1,
        1,
        1,
        1,
        1,
        null,
        null,
        1,
        1,
        1,
        1,
        null,
        null,
        1,
        0,
        0,
        null,
        null
      ]
    },
    "timestamp": 1543444568
  }
}
