{
  "RSpec": {
    "coverage": {
      "/home/ihorshkidchenko/RubyGarage/rg_codebreaker/autoload.rb": [
        null,
        null,
        1,
        1,
        1,
        1,
        1,
        1,
        1,
        1,
        1,
        1,
        1
      ],
      "/home/ihorshkidchenko/RubyGarage/rg_codebreaker/helpers/colors.rb": [
        null,
        null,
        1,
        1,
        7,
        null,
        null,
        1,
        7,
        null,
        null,
        1,
        27,
        null,
        null,
        1,
        19,
        null,
        null
      ],
      "/home/ihorshkidchenko/RubyGarage/rg_codebreaker/controllers/database/uploader.rb": [
        null,
        null,
        1,
        1,
        1,
        1,
        1,
        null,
        1,
        1,
        null,
        null,
        1,
        0,
        null,
        null
      ],
      "/home/ihorshkidchenko/RubyGarage/rg_codebreaker/controllers/texts/validators_texts.rb": [
        null,
        null,
        1,
        1,
        1,
        1,
        1,
        null,
        1,
        1,
        null,
        null,
        1,
        1,
        null,
        null
      ],
      "/home/ihorshkidchenko/RubyGarage/rg_codebreaker/controllers/validator/validator.rb": [
        null,
        null,
        1,
        1,
        null,
        1,
        1,
        1,
        null,
        0,
        null,
        null,
        1,
        2,
        2,
        2,
        1,
        null,
        0,
        null,
        null,
        1,
        2,
        2,
        2,
        null,
        5,
        1,
        null,
        1,
        null,
        null,
        1,
        2,
        2,
        2,
        1,
        null,
        0,
        null,
        null,
        1,
        1,
        1,
        null,
        null,
        1,
        1,
        1,
        1,
        null,
        null,
        1,
        1,
        1,
        null,
        null,
        1,
        1,
        1,
        null,
        null
      ],
      "/home/ihorshkidchenko/RubyGarage/rg_codebreaker/controllers/texts/console_output_texts.rb": [
        null,
        null,
        1,
        1,
        1,
        1,
        1,
        null,
        1,
        1,
        1,
        1,
        null,
        1,
        1,
        null,
        1,
        1,
        null,
        1,
        2,
        2,
        2,
        2,
        2,
        null,
        null,
        1,
        1,
        null,
        null,
        1,
        1,
        null,
        null,
        1,
        0,
        null,
        null,
        1,
        2,
        2,
        2,
        null,
        null,
        1,
        8,
        null,
        null,
        1,
        1,
        1,
        1,
        7,
        7,
        7,
        null,
        null,
        null,
        1,
        1,
        1,
        1,
        14,
        null,
        1,
        null,
        null
      ],
      "/home/ihorshkidchenko/RubyGarage/rg_codebreaker/controllers/game/game.rb": [
        null,
        null,
        1,
        1,
        null,
        1,
        22,
        22,
        22,
        22,
        22,
        22,
        null,
        null,
        1,
        13,
        13,
        null,
        13,
        13,
        null,
        null,
        1,
        13,
        13,
        52,
        16,
        16,
        36,
        16,
        16,
        null,
        null,
        null,
        null,
        1,
        3,
        3,
        3,
        3,
        null,
        null
      ],
      "/home/ihorshkidchenko/RubyGarage/rg_codebreaker/controllers/game/console.rb": [
        null,
        null,
        1,
        1,
        1,
        1,
        null,
        1,
        25,
        null,
        null,
        1,
        1,
        1,
        0,
        0,
        0,
        1,
        null,
        null,
        null,
        1,
        1,
        1,
        1,
        1,
        1,
        1,
        null,
        null,
        1,
        0,
        0,
        0,
        0,
        0,
        null,
        0,
        0,
        null,
        0,
        null,
        null,
        1,
        2,
        1,
        1,
        null,
        1,
        1,
        1,
        null,
        null,
        1,
        1,
        1,
        1,
        1,
        null,
        null,
        1,
        0,
        0,
        null,
        null,
        1,
        1,
        1,
        null,
        null,
        1,
        0,
        0,
        null,
        null,
        1,
        3,
        1,
        1,
        1,
        null,
        null,
        null
      ],
      "/home/ihorshkidchenko/RubyGarage/rg_codebreaker/controllers/game/statistics_result.rb": [
        null,
        null,
        1,
        1,
        null,
        1,
        3,
        3,
        3,
        3,
        3,
        1,
        1,
        1,
        null,
        null,
        null
      ]
    },
    "timestamp": 1543502689
  }
}
